<?xml version="1.0" encoding="UTF-8"?>
<testng-results ignored="4" total="10" passed="6" failed="0" skipped="0">
  <reporter-output>
  </reporter-output>
  <suite started-at="2019-09-08T00:16:25 EDT" name="Suite" finished-at="2019-09-08T00:16:26 EDT" duration-ms="285">
    <groups>
    </groups>
    <test started-at="2019-09-08T00:16:25 EDT" name="Test1" finished-at="2019-09-08T00:16:25 EDT" duration-ms="92">
      <class name="testng.MyTestClass2">
        <test-method is-config="true" signature="beforeTest()[pri:0, instance:testng.MyTestClass2@1a0dcaa]" started-at="2019-09-08T00:16:25 EDT" name="beforeTest" finished-at="2019-09-08T00:16:25 EDT" duration-ms="1" status="PASS">
          <reporter-output>
          </reporter-output>
        </test-method> <!-- beforeTest -->
        <test-method is-config="true" signature="beforeClass()[pri:0, instance:testng.MyTestClass2@1a0dcaa]" started-at="2019-09-08T00:16:25 EDT" name="beforeClass" finished-at="2019-09-08T00:16:25 EDT" duration-ms="0" status="PASS">
          <reporter-output>
          </reporter-output>
        </test-method> <!-- beforeClass -->
        <test-method is-config="true" signature="beforeMethod()[pri:0, instance:testng.MyTestClass2@1a0dcaa]" started-at="2019-09-08T00:16:25 EDT" name="beforeMethod" finished-at="2019-09-08T00:16:25 EDT" duration-ms="1" status="PASS">
          <reporter-output>
          </reporter-output>
        </test-method> <!-- beforeMethod -->
        <test-method signature="myTestMethod3()[pri:0, instance:testng.MyTestClass2@1a0dcaa]" started-at="2019-09-08T00:16:25 EDT" name="myTestMethod3" finished-at="2019-09-08T00:16:25 EDT" duration-ms="16" status="PASS">
          <reporter-output>
          </reporter-output>
        </test-method> <!-- myTestMethod3 -->
        <test-method is-config="true" signature="afterMethod()[pri:0, instance:testng.MyTestClass2@1a0dcaa]" started-at="2019-09-08T00:16:25 EDT" name="afterMethod" finished-at="2019-09-08T00:16:25 EDT" duration-ms="1" status="PASS">
          <reporter-output>
          </reporter-output>
        </test-method> <!-- afterMethod -->
        <test-method is-config="true" signature="beforeMethod()[pri:0, instance:testng.MyTestClass2@1a0dcaa]" started-at="2019-09-08T00:16:25 EDT" name="beforeMethod" finished-at="2019-09-08T00:16:25 EDT" duration-ms="3" status="PASS">
          <reporter-output>
          </reporter-output>
        </test-method> <!-- beforeMethod -->
        <test-method signature="myTestMethod4()[pri:0, instance:testng.MyTestClass2@1a0dcaa]" started-at="2019-09-08T00:16:25 EDT" name="myTestMethod4" finished-at="2019-09-08T00:16:25 EDT" duration-ms="4" status="PASS">
          <reporter-output>
          </reporter-output>
        </test-method> <!-- myTestMethod4 -->
        <test-method is-config="true" signature="afterMethod()[pri:0, instance:testng.MyTestClass2@1a0dcaa]" started-at="2019-09-08T00:16:25 EDT" name="afterMethod" finished-at="2019-09-08T00:16:25 EDT" duration-ms="0" status="PASS">
          <reporter-output>
          </reporter-output>
        </test-method> <!-- afterMethod -->
        <test-method is-config="true" signature="afterClass()[pri:0, instance:testng.MyTestClass2@1a0dcaa]" started-at="2019-09-08T00:16:25 EDT" name="afterClass" finished-at="2019-09-08T00:16:25 EDT" duration-ms="2" status="PASS">
          <reporter-output>
          </reporter-output>
        </test-method> <!-- afterClass -->
        <test-method is-config="true" signature="afterTest()[pri:0, instance:testng.MyTestClass2@1a0dcaa]" started-at="2019-09-08T00:16:25 EDT" name="afterTest" finished-at="2019-09-08T00:16:25 EDT" duration-ms="1" status="PASS">
          <reporter-output>
          </reporter-output>
        </test-method> <!-- afterTest -->
      </class> <!-- testng.MyTestClass2 -->
    </test> <!-- Test1 -->
    <test started-at="2019-09-08T00:16:26 EDT" name="Test2" finished-at="2019-09-08T00:16:26 EDT" duration-ms="40">
      <class name="testng.MyTestClass2">
        <test-method is-config="true" signature="beforeClass()[pri:0, instance:testng.MyTestClass2@2a32de6c]" started-at="2019-09-08T00:16:26 EDT" name="beforeClass" finished-at="2019-09-08T00:16:26 EDT" duration-ms="1" status="PASS">
          <reporter-output>
          </reporter-output>
        </test-method> <!-- beforeClass -->
        <test-method is-config="true" signature="beforeMethod()[pri:0, instance:testng.MyTestClass2@2a32de6c]" started-at="2019-09-08T00:16:26 EDT" name="beforeMethod" finished-at="2019-09-08T00:16:26 EDT" duration-ms="1" status="PASS">
          <reporter-output>
          </reporter-output>
        </test-method> <!-- beforeMethod -->
        <test-method signature="myTestMethod3()[pri:0, instance:testng.MyTestClass2@2a32de6c]" started-at="2019-09-08T00:16:26 EDT" name="myTestMethod3" finished-at="2019-09-08T00:16:26 EDT" duration-ms="2" status="PASS">
          <reporter-output>
          </reporter-output>
        </test-method> <!-- myTestMethod3 -->
        <test-method is-config="true" signature="afterMethod()[pri:0, instance:testng.MyTestClass2@2a32de6c]" started-at="2019-09-08T00:16:26 EDT" name="afterMethod" finished-at="2019-09-08T00:16:26 EDT" duration-ms="0" status="PASS">
          <reporter-output>
          </reporter-output>
        </test-method> <!-- afterMethod -->
        <test-method is-config="true" signature="beforeMethod()[pri:0, instance:testng.MyTestClass2@2a32de6c]" started-at="2019-09-08T00:16:26 EDT" name="beforeMethod" finished-at="2019-09-08T00:16:26 EDT" duration-ms="0" status="PASS">
          <reporter-output>
          </reporter-output>
        </test-method> <!-- beforeMethod -->
        <test-method signature="myTestMethod4()[pri:0, instance:testng.MyTestClass2@2a32de6c]" started-at="2019-09-08T00:16:26 EDT" name="myTestMethod4" finished-at="2019-09-08T00:16:26 EDT" duration-ms="4" status="PASS">
          <reporter-output>
          </reporter-output>
        </test-method> <!-- myTestMethod4 -->
        <test-method is-config="true" signature="afterMethod()[pri:0, instance:testng.MyTestClass2@2a32de6c]" started-at="2019-09-08T00:16:26 EDT" name="afterMethod" finished-at="2019-09-08T00:16:26 EDT" duration-ms="1" status="PASS">
          <reporter-output>
          </reporter-output>
        </test-method> <!-- afterMethod -->
        <test-method is-config="true" signature="afterClass()[pri:0, instance:testng.MyTestClass2@2a32de6c]" started-at="2019-09-08T00:16:26 EDT" name="afterClass" finished-at="2019-09-08T00:16:26 EDT" duration-ms="1" status="PASS">
          <reporter-output>
          </reporter-output>
        </test-method> <!-- afterClass -->
      </class> <!-- testng.MyTestClass2 -->
      <class name="testng.MyTestClass1">
        <test-method is-config="true" signature="beforeSuite()[pri:0, instance:testng.MyTestClass1@6b19b79]" started-at="2019-09-08T00:16:25 EDT" name="beforeSuite" finished-at="2019-09-08T00:16:25 EDT" duration-ms="19" status="PASS">
          <reporter-output>
          </reporter-output>
        </test-method> <!-- beforeSuite -->
        <test-method is-config="true" signature="beforeTest()[pri:0, instance:testng.MyTestClass1@6b19b79]" started-at="2019-09-08T00:16:26 EDT" name="beforeTest" finished-at="2019-09-08T00:16:26 EDT" duration-ms="2" status="PASS">
          <reporter-output>
          </reporter-output>
        </test-method> <!-- beforeTest -->
        <test-method is-config="true" signature="beforeClass()[pri:0, instance:testng.MyTestClass1@6b19b79]" started-at="2019-09-08T00:16:26 EDT" name="beforeClass" finished-at="2019-09-08T00:16:26 EDT" duration-ms="0" status="PASS">
          <reporter-output>
          </reporter-output>
        </test-method> <!-- beforeClass -->
        <test-method is-config="true" signature="beforeMethod()[pri:0, instance:testng.MyTestClass1@6b19b79]" started-at="2019-09-08T00:16:26 EDT" name="beforeMethod" finished-at="2019-09-08T00:16:26 EDT" duration-ms="1" status="PASS">
          <reporter-output>
          </reporter-output>
        </test-method> <!-- beforeMethod -->
        <test-method signature="myTestMethod1()[pri:0, instance:testng.MyTestClass1@6b19b79]" started-at="2019-09-08T00:16:26 EDT" name="myTestMethod1" finished-at="2019-09-08T00:16:26 EDT" duration-ms="4" status="PASS">
          <reporter-output>
          </reporter-output>
        </test-method> <!-- myTestMethod1 -->
        <test-method is-config="true" signature="afterMethod()[pri:0, instance:testng.MyTestClass1@6b19b79]" started-at="2019-09-08T00:16:26 EDT" name="afterMethod" finished-at="2019-09-08T00:16:26 EDT" duration-ms="1" status="PASS">
          <reporter-output>
          </reporter-output>
        </test-method> <!-- afterMethod -->
        <test-method is-config="true" signature="beforeMethod()[pri:0, instance:testng.MyTestClass1@6b19b79]" started-at="2019-09-08T00:16:26 EDT" name="beforeMethod" finished-at="2019-09-08T00:16:26 EDT" duration-ms="1" status="PASS">
          <reporter-output>
          </reporter-output>
        </test-method> <!-- beforeMethod -->
        <test-method signature="myTestMethod2()[pri:0, instance:testng.MyTestClass1@6b19b79]" started-at="2019-09-08T00:16:26 EDT" name="myTestMethod2" finished-at="2019-09-08T00:16:26 EDT" duration-ms="1" status="PASS">
          <reporter-output>
          </reporter-output>
        </test-method> <!-- myTestMethod2 -->
        <test-method is-config="true" signature="afterMethod()[pri:0, instance:testng.MyTestClass1@6b19b79]" started-at="2019-09-08T00:16:26 EDT" name="afterMethod" finished-at="2019-09-08T00:16:26 EDT" duration-ms="0" status="PASS">
          <reporter-output>
          </reporter-output>
        </test-method> <!-- afterMethod -->
        <test-method is-config="true" signature="afterClass()[pri:0, instance:testng.MyTestClass1@6b19b79]" started-at="2019-09-08T00:16:26 EDT" name="afterClass" finished-at="2019-09-08T00:16:26 EDT" duration-ms="0" status="PASS">
          <reporter-output>
          </reporter-output>
        </test-method> <!-- afterClass -->
        <test-method is-config="true" signature="afterTest()[pri:0, instance:testng.MyTestClass1@6b19b79]" started-at="2019-09-08T00:16:26 EDT" name="afterTest" finished-at="2019-09-08T00:16:26 EDT" duration-ms="1" status="PASS">
          <reporter-output>
          </reporter-output>
        </test-method> <!-- afterTest -->
        <test-method is-config="true" signature="afterSuite()[pri:0, instance:testng.MyTestClass1@6b19b79]" started-at="2019-09-08T00:16:26 EDT" name="afterSuite" finished-at="2019-09-08T00:16:26 EDT" duration-ms="1" status="PASS">
          <reporter-output>
          </reporter-output>
        </test-method> <!-- afterSuite -->
      </class> <!-- testng.MyTestClass1 -->
    </test> <!-- Test2 -->
  </suite> <!-- Suite -->
</testng-results>
