<?xml version="1.0" encoding="UTF-8"?>
<!-- Generated by org.testng.reporters.JUnitXMLReporter -->
<testsuite ignored="4" hostname="DESKTOP-8O5OB5B" failures="0" tests="4" name="Test2" time="0.04" errors="0" timestamp="2019-09-08T00:16:26 EDT">
  <testcase classname="testng.MyTestClass1" name="myTestMethod1" time="0.004"/>
  <testcase classname="testng.MyTestClass1" name="myTestMethod2" time="0.001"/>
  <testcase classname="testng.MyTestClass2" name="myTestMethod3" time="0.002"/>
  <testcase classname="testng.MyTestClass2" name="myTestMethod4" time="0.004"/>
  <testcase classname="testng.SeleniumAbstractTest" name="@BeforeSuite beforeSuite" time="0.0">
    <ignored/>
  </testcase> <!-- @BeforeSuite beforeSuite -->
  <testcase classname="testng.SeleniumAbstractTest" name="@AfterTest afterTest" time="0.0">
    <ignored/>
  </testcase> <!-- @AfterTest afterTest -->
  <testcase classname="testng.SeleniumAbstractTest" name="@AfterSuite afterSuite" time="0.0">
    <ignored/>
  </testcase> <!-- @AfterSuite afterSuite -->
  <testcase classname="testng.SeleniumAbstractTest" name="@BeforeTest beforeTest" time="0.0">
    <ignored/>
  </testcase> <!-- @BeforeTest beforeTest -->
</testsuite> <!-- Test2 -->
